<?xml version="1.0" encoding="UTF-8"?>
<!-- Generated by org.testng.reporters.JUnitXMLReporter -->
<testsuite ignored="0" hostname="LTIN214651" failures="0" tests="3" name="Test" time="175.497" errors="0" timestamp="2024-02-28T15:37:02 IST">
  <testcase classname="testCases.TC_01_HomePage" name="homepage_input" time="95.9"/>
  <testcase classname="testCases.TC_02_Surgeries" name="print_surgeries" time="2.463"/>
  <testcase classname="testCases.TC_03_HealthandWellness" name="verify_details" time="19.001"/>
</testsuite> <!-- Test -->
