<?xml version="1.0" encoding="UTF-8"?>
<!-- Generated by org.testng.reporters.JUnitXMLReporter -->
<testsuite ignored="1" hostname="LTIN214651" failures="0" tests="2" name="Test" time="474.291" errors="0" timestamp="2024-02-27T14:01:02 IST">
  <testcase classname="testCases.TC_01_HomePage" name="homepage_input" time="252.274"/>
  <testcase classname="testCases.TC_03_HealthandWellness" name="verify_details" time="103.087"/>
  <testcase classname="testCases.TC_02_Surgeries" name="print_surgeries" time="0.0">
    <ignored/>
  </testcase> <!-- print_surgeries -->
</testsuite> <!-- Test -->
