<?xml version="1.0" encoding="UTF-8"?>
<testng-results ignored="0" total="2" passed="2" failed="0" skipped="0">
  <reporter-output>
  </reporter-output>
  <suite started-at="2024-02-27T13:53:08 IST" name="Suite" finished-at="2024-02-27T14:01:02 IST" duration-ms="474291">
    <groups>
      <group name="regression">
        <method signature="TC_01_HomePage.homepage_input()[pri:0, instance:testCases.TC_01_HomePage@4c163e3]" name="homepage_input" class="testCases.TC_01_HomePage"/>
      </group> <!-- regression -->
      <group name="smoke">
        <method signature="TC_01_HomePage.homepage_input()[pri:0, instance:testCases.TC_01_HomePage@4c163e3]" name="homepage_input" class="testCases.TC_01_HomePage"/>
        <method signature="TC_03_HealthandWellness.verify_details()[pri:0, instance:testCases.TC_03_HealthandWellness@4bdeaabb]" name="verify_details" class="testCases.TC_03_HealthandWellness"/>
      </group> <!-- smoke -->
      <group name="master">
        <method signature="TC_01_HomePage.homepage_input()[pri:0, instance:testCases.TC_01_HomePage@4c163e3]" name="homepage_input" class="testCases.TC_01_HomePage"/>
        <method signature="TC_03_HealthandWellness.verify_details()[pri:0, instance:testCases.TC_03_HealthandWellness@4bdeaabb]" name="verify_details" class="testCases.TC_03_HealthandWellness"/>
      </group> <!-- master -->
    </groups>
    <test started-at="2024-02-27T13:53:08 IST" name="Test" finished-at="2024-02-27T14:01:02 IST" duration-ms="474291">
      <class name="testCases.TC_03_HealthandWellness">
        <test-method is-config="true" signature="launch(java.lang.String,java.lang.String)[pri:0, instance:testCases.TC_03_HealthandWellness@4bdeaabb]" started-at="2024-02-27T13:58:21 IST" name="launch" finished-at="2024-02-27T13:59:14 IST" duration-ms="53056" status="PASS">
          <params>
            <param index="0">
              <value>
                <![CDATA[windows]]>
              </value>
            </param>
            <param index="1">
              <value>
                <![CDATA[chrome]]>
              </value>
            </param>
          </params>
          <reporter-output>
          </reporter-output>
        </test-method> <!-- launch -->
        <test-method signature="verify_details()[pri:0, instance:testCases.TC_03_HealthandWellness@4bdeaabb]" started-at="2024-02-27T13:59:14 IST" name="verify_details" finished-at="2024-02-27T14:00:57 IST" duration-ms="103087" status="PASS">
          <reporter-output>
          </reporter-output>
        </test-method> <!-- verify_details -->
        <test-method is-config="true" signature="quit()[pri:0, instance:testCases.TC_03_HealthandWellness@4bdeaabb]" started-at="2024-02-27T14:00:57 IST" name="quit" finished-at="2024-02-27T14:01:02 IST" duration-ms="4867" status="PASS">
          <reporter-output>
          </reporter-output>
        </test-method> <!-- quit -->
      </class> <!-- testCases.TC_03_HealthandWellness -->
      <class name="testCases.TC_01_HomePage">
        <test-method is-config="true" signature="launch(java.lang.String,java.lang.String)[pri:0, instance:testCases.TC_01_HomePage@4c163e3]" started-at="2024-02-27T13:53:09 IST" name="launch" finished-at="2024-02-27T13:54:01 IST" duration-ms="52528" status="PASS">
          <params>
            <param index="0">
              <value>
                <![CDATA[windows]]>
              </value>
            </param>
            <param index="1">
              <value>
                <![CDATA[chrome]]>
              </value>
            </param>
          </params>
          <reporter-output>
          </reporter-output>
        </test-method> <!-- launch -->
        <test-method signature="homepage_input()[pri:0, instance:testCases.TC_01_HomePage@4c163e3]" started-at="2024-02-27T13:54:01 IST" name="homepage_input" finished-at="2024-02-27T13:58:13 IST" duration-ms="252274" status="PASS">
          <reporter-output>
          </reporter-output>
        </test-method> <!-- homepage_input -->
        <test-method is-config="true" signature="quit()[pri:0, instance:testCases.TC_01_HomePage@4c163e3]" started-at="2024-02-27T13:58:14 IST" name="quit" finished-at="2024-02-27T13:58:21 IST" duration-ms="7229" status="PASS">
          <reporter-output>
          </reporter-output>
        </test-method> <!-- quit -->
      </class> <!-- testCases.TC_01_HomePage -->
    </test> <!-- Test -->
  </suite> <!-- Suite -->
</testng-results>
